0 info it worked if it ends with ok
1 verbose cli [ 'D:\\Program Files\\nodejs\\node.exe',
1 verbose cli   'C:\\Users\\Jonathan\\AppData\\Roaming\\npm\\node_modules\\npm\\bin\\npm-cli.js',
1 verbose cli   'run',
1 verbose cli   'deploy' ]
2 info using npm@4.0.1
3 info using node@v7.0.0
4 verbose run-script [ 'predeploy', 'deploy', 'postdeploy' ]
5 info lifecycle webpacktest@0.0.1~predeploy: webpacktest@0.0.1
6 silly lifecycle webpacktest@0.0.1~predeploy: no script for predeploy, continuing
7 info lifecycle webpacktest@0.0.1~deploy: webpacktest@0.0.1
8 verbose lifecycle webpacktest@0.0.1~deploy: unsafe-perm in lifecycle true
9 verbose lifecycle webpacktest@0.0.1~deploy: PATH: C:\Users\Jonathan\AppData\Roaming\npm\node_modules\npm\bin\node-gyp-bin;D:\Webb\projects\jonathanhagglund.se\node_modules\.bin;C:\ProgramData\Oracle\Java\javapath;C:\WINDOWS\system32;C:\WINDOWS;C:\WINDOWS\System32\Wbem;C:\WINDOWS\System32\WindowsPowerShell\v1.0\;C:\Program Files (x86)\AMD\ATI.ACE\Core-Static;D:\Programs\Git\cmd;C:\Program Files (x86)\Windows Live\Shared;C:\Program Files (x86)\ATI Technologies\ATI.ACE\Core-Static;C:\Program Files (x86)\Skype\Phone\;D:\Program Files\nodejs\;C:\Users\Jonathan\AppData\Local\Microsoft\WindowsApps;C:\Users\Jonathan\AppData\Roaming\npm
10 verbose lifecycle webpacktest@0.0.1~deploy: CWD: D:\Webb\projects\jonathanhagglund.se
11 silly lifecycle webpacktest@0.0.1~deploy: Args: [ '/d /s /c',
11 silly lifecycle   'SET NODE_ENV=production&& "./node_modules/.bin/webpack" && git subtree push --prefix dist origin gh-pages' ]
12 silly lifecycle webpacktest@0.0.1~deploy: Returned: code: 1  signal: null
13 info lifecycle webpacktest@0.0.1~deploy: Failed to exec deploy script
14 verbose stack Error: webpacktest@0.0.1 deploy: `SET NODE_ENV=production&& "./node_modules/.bin/webpack" && git subtree push --prefix dist origin gh-pages`
14 verbose stack Exit status 1
14 verbose stack     at EventEmitter.<anonymous> (C:\Users\Jonathan\AppData\Roaming\npm\node_modules\npm\lib\utils\lifecycle.js:279:16)
14 verbose stack     at emitTwo (events.js:106:13)
14 verbose stack     at EventEmitter.emit (events.js:191:7)
14 verbose stack     at ChildProcess.<anonymous> (C:\Users\Jonathan\AppData\Roaming\npm\node_modules\npm\lib\utils\spawn.js:40:14)
14 verbose stack     at emitTwo (events.js:106:13)
14 verbose stack     at ChildProcess.emit (events.js:191:7)
14 verbose stack     at maybeClose (internal/child_process.js:877:16)
14 verbose stack     at Process.ChildProcess._handle.onexit (internal/child_process.js:226:5)
15 verbose pkgid webpacktest@0.0.1
16 verbose cwd D:\Webb\projects\jonathanhagglund.se
17 error Windows_NT 10.0.14393
18 error argv "D:\\Program Files\\nodejs\\node.exe" "C:\\Users\\Jonathan\\AppData\\Roaming\\npm\\node_modules\\npm\\bin\\npm-cli.js" "run" "deploy"
19 error node v7.0.0
20 error npm  v4.0.1
21 error code ELIFECYCLE
22 error webpacktest@0.0.1 deploy: `SET NODE_ENV=production&& "./node_modules/.bin/webpack" && git subtree push --prefix dist origin gh-pages`
22 error Exit status 1
23 error Failed at the webpacktest@0.0.1 deploy script 'SET NODE_ENV=production&& "./node_modules/.bin/webpack" && git subtree push --prefix dist origin gh-pages'.
23 error Make sure you have the latest version of node.js and npm installed.
23 error If you do, this is most likely a problem with the webpacktest package,
23 error not with npm itself.
23 error Tell the author that this fails on your system:
23 error     SET NODE_ENV=production&& "./node_modules/.bin/webpack" && git subtree push --prefix dist origin gh-pages
23 error You can get information on how to open an issue for this project with:
23 error     npm bugs webpacktest
23 error Or if that isn't available, you can get their info via:
23 error     npm owner ls webpacktest
23 error There is likely additional logging output above.
24 verbose exit [ 1, true ]
